<?xml version="1.0" encoding="UTF-8"?>
<!-- Generated by org.testng.reporters.JUnitReportReporter -->
<testsuite hostname="Deeps" failures="0" tests="3" name="com.srm.curahealth.tests.AppointmentHistoryTests" time="21.882" errors="0" timestamp="2026-04-17T16:39:17 IST" skipped="0">
  <testcase classname="com.srm.curahealth.tests.AppointmentHistoryTests" name="verifyHistorySectionShowsExpectedHeaders" time="7.653"/>
  <testcase classname="com.srm.curahealth.tests.AppointmentHistoryTests" name="verifyMostRecentBookedAppointmentAppearsInHistory" time="8.034"/>
  <testcase classname="com.srm.curahealth.tests.AppointmentHistoryTests" name="verifyAppointmentHistoryPageLoadsAfterLogin" time="6.195"/>
</testsuite> <!-- com.srm.curahealth.tests.AppointmentHistoryTests -->
