<?xml version="1.0" encoding="UTF-8"?>
<!-- Generated by org.testng.reporters.JUnitReportReporter -->
<testsuite hostname="Deeps" failures="0" tests="4" name="com.srm.curahealth.tests.FormValidationTests" time="29.088" errors="0" timestamp="2026-04-17T16:39:17 IST" skipped="0">
  <testcase classname="com.srm.curahealth.tests.FormValidationTests" name="verifyAppointmentFormWithEmptyDateShowsValidationBehavior" time="7.120"/>
  <testcase classname="com.srm.curahealth.tests.FormValidationTests" name="verifyProfilePageLoadsAfterLogin" time="6.392"/>
  <testcase classname="com.srm.curahealth.tests.FormValidationTests" name="verifyLoginFormWithEmptyUsernameAndPasswordShowsValidationMessage" time="5.823"/>
  <testcase classname="com.srm.curahealth.tests.FormValidationTests" name="verifyCommentFieldAcceptsLongTextWithoutTruncation" time="9.753"/>
</testsuite> <!-- com.srm.curahealth.tests.FormValidationTests -->
