<?xml version="1.0" encoding="UTF-8"?>
<!-- Generated by org.testng.reporters.JUnitReportReporter -->
<testsuite hostname="Deeps" failures="0" tests="1" name="com.srm.curahealth.tests.MultipleAppointmentsTests" time="21.503" errors="0" timestamp="2026-04-17T16:39:17 IST" skipped="0">
  <testcase classname="com.srm.curahealth.tests.MultipleAppointmentsTests" name="verifyTwoAppointmentsAppearInHistoryAndAreSortedByDate" time="21.503"/>
</testsuite> <!-- com.srm.curahealth.tests.MultipleAppointmentsTests -->
