<?xml version="1.0" encoding="UTF-8"?>
<!-- Generated by org.testng.reporters.JUnitReportReporter -->
<testsuite hostname="Deeps" failures="0" tests="3" name="com.srm.curahealth.tests.AppointmentBookingTests" time="29.470" errors="0" timestamp="2026-04-17T16:39:17 IST" skipped="0">
  <testcase classname="com.srm.curahealth.tests.AppointmentBookingTests" name="verifyAppointmentBookingWithReadmissionChecked" time="6.867"/>
  <testcase classname="com.srm.curahealth.tests.AppointmentBookingTests" name="verifyAppointmentBookingWithFacilityDateAndComment" time="6.556"/>
  <testcase classname="com.srm.curahealth.tests.AppointmentBookingTests" name="verifyAppointmentDateFieldRejectsPastDates" time="16.047"/>
</testsuite> <!-- com.srm.curahealth.tests.AppointmentBookingTests -->
