<?xml version="1.0" encoding="UTF-8"?>
<!-- Generated by org.testng.reporters.JUnitReportReporter -->
<testsuite hostname="Deeps" failures="0" tests="4" name="com.srm.curahealth.tests.AuthenticationTests" time="52.252" errors="0" timestamp="2026-04-17T16:39:17 IST" skipped="0">
  <testcase classname="com.srm.curahealth.tests.AuthenticationTests" name="verifyProtectedPagesRedirectToLoginWhenUserIsUnauthenticated" time="15.033"/>
  <testcase classname="com.srm.curahealth.tests.AuthenticationTests" name="verifyLoginWithDataProvider" time="21.880"/>
  <testcase classname="com.srm.curahealth.tests.AuthenticationTests" name="verifyLoginWithDataProvider" time="5.549"/>
  <testcase classname="com.srm.curahealth.tests.AuthenticationTests" name="verifyLogoutNavigatesBackToHomepage" time="9.790"/>
</testsuite> <!-- com.srm.curahealth.tests.AuthenticationTests -->
