<?xml version="1.0" encoding="UTF-8"?>
<!-- Generated by org.testng.reporters.JUnitXMLReporter -->
<testsuite ignored="0" hostname="Deeps" failures="0" tests="3" name="Appointment History Tests" time="21.888" errors="0" timestamp="2026-04-17T16:38:26 IST">
  <testcase classname="com.srm.curahealth.tests.AppointmentHistoryTests" name="verifyAppointmentHistoryPageLoadsAfterLogin" time="1.982"/>
  <testcase classname="com.srm.curahealth.tests.AppointmentHistoryTests" name="verifyHistorySectionShowsExpectedHeaders" time="3.404"/>
  <testcase classname="com.srm.curahealth.tests.AppointmentHistoryTests" name="verifyMostRecentBookedAppointmentAppearsInHistory" time="3.22"/>
</testsuite> <!-- Appointment History Tests -->
