<?xml version="1.0" encoding="UTF-8"?>
<!-- Generated by org.testng.reporters.JUnitXMLReporter -->
<testsuite ignored="0" hostname="Deeps" failures="0" tests="3" name="Appointment Booking Tests" time="29.479" errors="0" timestamp="2026-04-17T16:38:04 IST">
  <testcase classname="com.srm.curahealth.tests.AppointmentBookingTests" name="verifyAppointmentBookingWithFacilityDateAndComment" time="2.79"/>
  <testcase classname="com.srm.curahealth.tests.AppointmentBookingTests" name="verifyAppointmentBookingWithReadmissionChecked" time="3.149"/>
  <testcase classname="com.srm.curahealth.tests.AppointmentBookingTests" name="verifyAppointmentDateFieldRejectsPastDates" time="3.955"/>
</testsuite> <!-- Appointment Booking Tests -->
