<?xml version="1.0" encoding="UTF-8"?>
<!-- Generated by org.testng.reporters.JUnitXMLReporter -->
<testsuite ignored="0" hostname="Deeps" failures="0" tests="4" name="Authentication Tests" time="52.565" errors="0" timestamp="2026-04-17T16:37:35 IST">
  <testcase classname="com.srm.curahealth.tests.AuthenticationTests" name="verifyLoginWithDataProvider" time="2.135"/>
  <testcase classname="com.srm.curahealth.tests.AuthenticationTests" name="verifyLoginWithDataProvider" time="1.764"/>
  <testcase classname="com.srm.curahealth.tests.AuthenticationTests" name="verifyLogoutNavigatesBackToHomepage" time="2.379"/>
  <testcase classname="com.srm.curahealth.tests.AuthenticationTests" name="verifyProtectedPagesRedirectToLoginWhenUserIsUnauthenticated" time="11.018"/>
</testsuite> <!-- Authentication Tests -->
