<?xml version="1.0" encoding="UTF-8"?>
<!-- Generated by org.testng.reporters.JUnitXMLReporter -->
<testsuite ignored="0" hostname="Deeps" failures="0" tests="4" name="Form Validation Tests" time="29.096" errors="0" timestamp="2026-04-17T16:39:17 IST">
  <testcase classname="com.srm.curahealth.tests.FormValidationTests" name="verifyAppointmentFormWithEmptyDateShowsValidationBehavior" time="2.004"/>
  <testcase classname="com.srm.curahealth.tests.FormValidationTests" name="verifyCommentFieldAcceptsLongTextWithoutTruncation" time="1.978"/>
  <testcase classname="com.srm.curahealth.tests.FormValidationTests" name="verifyLoginFormWithEmptyUsernameAndPasswordShowsValidationMessage" time="1.18"/>
  <testcase classname="com.srm.curahealth.tests.FormValidationTests" name="verifyProfilePageLoadsAfterLogin" time="2.551"/>
</testsuite> <!-- Form Validation Tests -->
